<?xml version="1.0" encoding="UTF-8"?>
<!-- Generated by org.testng.reporters.JUnitReportReporter -->
<testsuite hostname="MSI" failures="0" tests="1" name="testng1.Configurationannotation" time="0.009" errors="0" timestamp="2025-04-26T15:00:06 IST" skipped="0">
  <testcase classname="testng1.Configurationannotation" name="demo" time="0.009"/>
  <system-out>
    <![CDATA[@Test(demo)executed]]>
  </system-out>
</testsuite> <!-- testng1.Configurationannotation -->
