<?xml version="1.0" encoding="UTF-8"?>
<!-- Generated by org.testng.reporters.JUnitReportReporter -->
<testsuite hostname="MSI" failures="0" tests="3" name="testng1.Annotationattribute1" time="9.626" errors="0" timestamp="2025-04-23T15:28:43 IST" skipped="1">
  <testcase classname="testng1.Annotationattribute1" name="register" time="4.813"/>
  <system-out>
    <![CDATA[register testcase executed]]>
  </system-out>
  <testcase classname="testng1.Annotationattribute1" name="register" time="4.813"/>
  <system-out>
    <![CDATA[register testcase executed]]>
  </system-out>
  <testcase classname="testng1.Annotationattribute1" name="login">
    <skipped/>
  </testcase> <!-- login -->
  <system-out/>
</testsuite> <!-- testng1.Annotationattribute1 -->
