<?xml version="1.0" encoding="UTF-8"?>
<!-- Generated by org.testng.reporters.JUnitReportReporter -->
<testsuite hostname="MSI" failures="0" tests="2" name="testng1.Sample2" time="7.523" errors="0" timestamp="2025-04-22T16:02:21 IST" skipped="0">
  <testcase classname="testng1.Sample2" name="register" time="4.453"/>
  <system-out>
    <![CDATA[register testcase executed]]>
  </system-out>
  <testcase classname="testng1.Sample2" name="login" time="3.070"/>
  <system-out>
    <![CDATA[login test case executed]]>
  </system-out>
</testsuite> <!-- testng1.Sample2 -->
