<?xml version="1.0" encoding="UTF-8"?>
<!-- Generated by org.testng.reporters.JUnitReportReporter -->
<testsuite hostname="MSI" failures="0" tests="1" name="testng1.Lamborgni" time="4.281" errors="0" timestamp="2025-04-24T16:07:56 IST" skipped="0">
  <testcase classname="testng1.Lamborgni" name="lanuch" time="4.281"/>
  <system-out>
    <![CDATA[lamborgni launched]]>
  </system-out>
</testsuite> <!-- testng1.Lamborgni -->
