<?xml version="1.0" encoding="UTF-8"?>
<!-- Generated by org.testng.reporters.JUnitReportReporter -->
<testsuite hostname="MSI" failures="0" tests="1" name="Bikes.kawashaki" time="2.195" errors="0" timestamp="2025-04-23T16:07:06 IST" skipped="0">
  <testcase classname="Bikes.kawashaki" name="launch" time="2.195"/>
  <system-out/>
</testsuite> <!-- Bikes.kawashaki -->
