<?xml version="1.0" encoding="UTF-8"?>
<!-- Generated by org.testng.reporters.JUnitReportReporter -->
<testsuite hostname="MSI" failures="0" tests="1" name="Bikes.Bajaj" time="4.256" errors="0" timestamp="2025-04-23T16:07:06 IST" skipped="0">
  <testcase classname="Bikes.Bajaj" name="launch" time="4.256"/>
  <system-out/>
</testsuite> <!-- Bikes.Bajaj -->
