<?xml version="1.0" encoding="UTF-8"?>
<!-- Generated by org.testng.reporters.JUnitReportReporter -->
<testsuite hostname="MSI" failures="0" tests="2" name="testNG.Testscript" time="5.157" errors="0" timestamp="2025-02-07T19:18:54 IST" skipped="0">
  <testcase classname="testNG.Testscript" name="clickOncomputer" time="2.016"/>
  <system-out>
    <![CDATA[User navigated to computers page]]>
  </system-out>
  <testcase classname="testNG.Testscript" name="clickOnBooks" time="3.141"/>
  <system-out>
    <![CDATA[User navigated to Books page]]>
  </system-out>
</testsuite> <!-- testNG.Testscript -->
