<?xml version="1.0" encoding="UTF-8"?>
<!-- Generated by org.testng.reporters.JUnitReportReporter -->
<testsuite hostname="MSI" failures="0" tests="4" name="testNG.ToLearnTestNG1" time="93.633" errors="0" timestamp="2025-02-04T19:52:02 IST" skipped="0">
  <testcase classname="testNG.ToLearnTestNG1" name="login" time="26.423"/>
  <system-out>
    <![CDATA[login test cases execute]]>
  </system-out>
  <testcase classname="testNG.ToLearnTestNG1" name="login" time="23.394"/>
  <system-out>
    <![CDATA[login test cases execute]]>
  </system-out>
  <testcase classname="testNG.ToLearnTestNG1" name="login" time="23.800"/>
  <system-out>
    <![CDATA[login test cases execute]]>
  </system-out>
  <testcase classname="testNG.ToLearnTestNG1" name="login" time="20.016"/>
  <system-out>
    <![CDATA[login test cases execute]]>
  </system-out>
</testsuite> <!-- testNG.ToLearnTestNG1 -->
