<?xml version="1.0" encoding="UTF-8"?>
<!-- Generated by org.testng.reporters.JUnitReportReporter -->
<testsuite hostname="MSI" failures="0" tests="1" name="testNG.ConfigurationAnnotations" time="0.005" errors="0" timestamp="2025-02-06T19:23:51 IST" skipped="0">
  <testcase classname="testNG.ConfigurationAnnotations" name="demo" time="0.005"/>
  <system-out>
    <![CDATA[demo test case executed]]>
  </system-out>
</testsuite> <!-- testNG.ConfigurationAnnotations -->
