<?xml version="1.0" encoding="UTF-8"?>
<!-- Generated by org.testng.reporters.JUnitReportReporter -->
<testsuite hostname="MSI" failures="0" tests="4" name="testng1.ToLearndataProvider" time="12.646" errors="0" timestamp="2025-04-29T15:37:52 IST" skipped="0">
  <testcase classname="testng1.ToLearndataProvider" name="login" time="2.278"/>
  <system-out/>
  <testcase classname="testng1.ToLearndataProvider" name="login" time="3.977"/>
  <system-out/>
  <testcase classname="testng1.ToLearndataProvider" name="login" time="2.936"/>
  <system-out/>
  <testcase classname="testng1.ToLearndataProvider" name="login" time="3.455"/>
  <system-out/>
</testsuite> <!-- testng1.ToLearndataProvider -->
