<?xml version="1.0" encoding="UTF-8"?>
<!-- Generated by org.testng.reporters.JUnitReportReporter -->
<testsuite hostname="MSI" failures="0" tests="1" name="Bikes.yamha" time="5.915" errors="0" timestamp="2025-04-23T16:07:06 IST" skipped="0">
  <testcase classname="Bikes.yamha" name="launch" time="5.915"/>
  <system-out/>
</testsuite> <!-- Bikes.yamha -->
