<?xml version="1.0" encoding="UTF-8"?>
<!-- Generated by org.testng.reporters.JUnitReportReporter -->
<testsuite hostname="MSI" failures="0" tests="1" name="testng1.Ferrari" time="39.278" errors="0" timestamp="2025-04-24T15:22:14 IST" skipped="0">
  <testcase classname="testng1.Ferrari" name="lanuch" time="39.278"/>
  <system-out>
    <![CDATA[ferrari launched]]>
  </system-out>
</testsuite> <!-- testng1.Ferrari -->
