<?xml version="1.0" encoding="UTF-8"?>
<!-- Generated by org.testng.reporters.JUnitReportReporter -->
<testsuite hostname="MSI" failures="0" tests="1" name="testng1.Sample" time="0.007" errors="0" timestamp="2025-04-22T15:19:21 IST" skipped="0">
  <testcase classname="testng1.Sample" name="demo" time="0.007"/>
  <system-out>
    <![CDATA[Welcome to test ng]]>
  </system-out>
</testsuite> <!-- testng1.Sample -->
