<?xml version="1.0" encoding="UTF-8"?>
<!-- Generated by org.testng.reporters.JUnitReportReporter -->
<testsuite hostname="MSI" failures="0" tests="1" name="testNG.ToLearnTestNG" time="0.012" errors="0" timestamp="2025-02-04T18:57:48 IST" skipped="0">
  <testcase classname="testNG.ToLearnTestNG" name="demo" time="0.012"/>
  <system-out>
    <![CDATA[welcome to advance selenium]]>
  </system-out>
</testsuite> <!-- testNG.ToLearnTestNG -->
