<?xml version="1.0" encoding="UTF-8"?>
<!-- Generated by org.testng.reporters.JUnitReportReporter -->
<testsuite hostname="MSI" failures="0" tests="3" name="testng1.Asssample" time="0.018" errors="0" timestamp="2025-04-23T07:57:46 IST" skipped="0">
  <testcase classname="testng1.Asssample" name="createaccount" time="0.013"/>
  <system-out>
    <![CDATA[Account is created]]>
  </system-out>
  <testcase classname="testng1.Asssample" name="editaccount" time="0.001"/>
  <system-out>
    <![CDATA[Account is edited]]>
  </system-out>
  <testcase classname="testng1.Asssample" name="deleteaccount" time="0.004"/>
  <system-out>
    <![CDATA[Account is deleted]]>
  </system-out>
</testsuite> <!-- testng1.Asssample -->
