<?xml version="1.0" encoding="UTF-8"?>
<!-- Generated by org.testng.reporters.JUnitReportReporter -->
<testsuite hostname="MSI" failures="0" tests="6" name="testng1.Annotationattribute" time="24.191" errors="0" timestamp="2025-04-23T15:15:15 IST" skipped="0">
  <testcase classname="testng1.Annotationattribute" name="register" time="4.633"/>
  <system-out>
    <![CDATA[register testcase executed]]>
  </system-out>
  <testcase classname="testng1.Annotationattribute" name="register" time="4.633"/>
  <system-out>
    <![CDATA[register testcase executed]]>
  </system-out>
  <testcase classname="testng1.Annotationattribute" name="login" time="3.610"/>
  <system-out>
    <![CDATA[login test case executed]]>
  </system-out>
  <testcase classname="testng1.Annotationattribute" name="login" time="3.720"/>
  <system-out>
    <![CDATA[login test case executed]]>
  </system-out>
  <testcase classname="testng1.Annotationattribute" name="login" time="3.810"/>
  <system-out>
    <![CDATA[login test case executed]]>
  </system-out>
  <testcase classname="testng1.Annotationattribute" name="login" time="3.785"/>
  <system-out>
    <![CDATA[login test case executed]]>
  </system-out>
</testsuite> <!-- testng1.Annotationattribute -->
