<?xml version="1.0" encoding="UTF-8"?>
<!-- Generated by org.testng.reporters.JUnitReportReporter -->
<testsuite hostname="MSI" failures="0" tests="2" name="testng1.DependsonMethods" time="10.381" errors="0" timestamp="2025-04-23T15:35:37 IST" skipped="0">
  <testcase classname="testng1.DependsonMethods" name="login" time="5.258"/>
  <system-out>
    <![CDATA[login test case executed]]>
  </system-out>
  <testcase classname="testng1.DependsonMethods" name="register" time="5.123"/>
  <system-out>
    <![CDATA[register testcase executed]]>
  </system-out>
</testsuite> <!-- testng1.DependsonMethods -->
